<?xml version="1.0" encoding="UTF-8"?>
<!-- Generated by org.testng.reporters.JUnitReportReporter -->
<testsuite skipped="0" hostname="DESKTOP-AJJC2RF" name="suitec.TestCC" tests="1" failures="0" timestamp="2020-11-10T23:42:04 CST" time="3.087" errors="0">
  <testcase name="testCC" time="3.087" classname="suitec.TestCC"/>
</testsuite> <!-- suitec.TestCC -->
