<?xml version="1.0" encoding="UTF-8"?>
<!-- Generated by org.testng.reporters.JUnitReportReporter -->
<testsuite skipped="0" hostname="DESKTOP-AJJC2RF" name="suitec.TestC" tests="1" failures="0" timestamp="2020-11-10T04:49:22 CST" time="3.050" errors="0">
  <testcase name="testC" time="3.050" classname="suitec.TestC"/>
</testsuite> <!-- suitec.TestC -->
