<?xml version="1.0" encoding="UTF-8"?>
<!-- Generated by org.testng.reporters.JUnitReportReporter -->
<testsuite skipped="0" hostname="DESKTOP-AJJC2RF" name="suitea.TestAA" tests="2" failures="0" timestamp="2020-11-10T23:42:04 CST" time="6.127" errors="0">
  <testcase name="testAA" time="3.033" classname="suitea.TestAA"/>
  <testcase name="testAA" time="3.094" classname="suitea.TestAA"/>
</testsuite> <!-- suitea.TestAA -->
