<?xml version="1.0" encoding="UTF-8"?>
<!-- Generated by org.testng.reporters.JUnitReportReporter -->
<testsuite skipped="0" hostname="DESKTOP-AJJC2RF" name="suitea.TestAA" tests="1" failures="0" timestamp="2020-11-10T04:49:22 CST" time="3.052" errors="0">
  <testcase name="testAA" time="3.052" classname="suitea.TestAA"/>
</testsuite> <!-- suitea.TestAA -->
