<?xml version="1.0" encoding="UTF-8"?>
<!-- Generated by org.testng.reporters.JUnitReportReporter -->
<testsuite skipped="0" hostname="DESKTOP-AJJC2RF" name="suiteb.TestBB" tests="1" failures="0" timestamp="2020-11-10T23:42:04 CST" time="3.048" errors="0">
  <testcase name="testBB" time="3.048" classname="suiteb.TestBB"/>
</testsuite> <!-- suiteb.TestBB -->
