<?xml version="1.0" encoding="UTF-8"?>
<!-- Generated by org.testng.reporters.JUnitReportReporter -->
<testsuite skipped="0" hostname="DESKTOP-AJJC2RF" name="suiteb.TestB" tests="1" failures="0" timestamp="2020-11-10T04:49:22 CST" time="3.078" errors="0">
  <testcase name="testB" time="3.078" classname="suiteb.TestB"/>
</testsuite> <!-- suiteb.TestB -->
